<?xml version="1.0" encoding="UTF-8"?>
<!-- Generated by org.testng.reporters.JUnitReportReporter -->
<testsuite skipped="0" hostname="16LCEB108-MMP" name="helloeworld_Manish.TestHelloWorld" tests="1" failures="0" timestamp="2021-02-15T23:40:21 IST" time="0.050" errors="0">
  <testcase name="testHelloWorld" time="0.050" classname="helloeworld_Manish.TestHelloWorld"/>
</testsuite> <!-- helloeworld_Manish.TestHelloWorld -->
